2020-12-07 20:33:50,723:::DEBUG:::registerExtensions:::Successfully loaded extension "markdown.extensions.fenced_code.FencedCodeExtension".
2020-12-07 20:33:50,726:::DEBUG:::registerExtensions:::Successfully loaded extension "markdown.extensions.footnotes.FootnoteExtension".
2020-12-07 20:33:50,727:::DEBUG:::registerExtensions:::Successfully loaded extension "markdown.extensions.md_in_html.MarkdownInHtmlExtension".
2020-12-07 20:33:50,729:::DEBUG:::registerExtensions:::Successfully loaded extension "markdown.extensions.tables.TableExtension".
2020-12-07 20:33:50,730:::DEBUG:::registerExtensions:::Successfully loaded extension "markdown.extensions.nl2br.Nl2BrExtension".
2020-12-07 20:33:50,732:::DEBUG:::registerExtensions:::Successfully loaded extension "markdown.extensions.sane_lists.SaneListExtension".
2020-12-07 20:34:39,141:::DEBUG:::registerExtensions:::Successfully loaded extension "markdown.extensions.fenced_code.FencedCodeExtension".
2020-12-07 20:34:39,143:::DEBUG:::registerExtensions:::Successfully loaded extension "markdown.extensions.footnotes.FootnoteExtension".
2020-12-07 20:34:39,143:::DEBUG:::registerExtensions:::Successfully loaded extension "markdown.extensions.md_in_html.MarkdownInHtmlExtension".
2020-12-07 20:34:39,144:::DEBUG:::registerExtensions:::Successfully loaded extension "markdown.extensions.tables.TableExtension".
2020-12-07 20:34:39,145:::DEBUG:::registerExtensions:::Successfully loaded extension "markdown.extensions.nl2br.Nl2BrExtension".
2020-12-07 20:34:39,145:::DEBUG:::registerExtensions:::Successfully loaded extension "markdown.extensions.sane_lists.SaneListExtension".
2020-12-07 20:35:37,748:::DEBUG:::registerExtensions:::Successfully loaded extension "markdown.extensions.fenced_code.FencedCodeExtension".
2020-12-07 20:35:37,748:::DEBUG:::registerExtensions:::Successfully loaded extension "markdown.extensions.footnotes.FootnoteExtension".
2020-12-07 20:35:37,749:::DEBUG:::registerExtensions:::Successfully loaded extension "markdown.extensions.md_in_html.MarkdownInHtmlExtension".
2020-12-07 20:35:37,750:::DEBUG:::registerExtensions:::Successfully loaded extension "markdown.extensions.tables.TableExtension".
2020-12-07 20:35:37,750:::DEBUG:::registerExtensions:::Successfully loaded extension "markdown.extensions.nl2br.Nl2BrExtension".
2020-12-07 20:35:37,751:::DEBUG:::registerExtensions:::Successfully loaded extension "markdown.extensions.sane_lists.SaneListExtension".
2020-12-07 22:57:17,457:::DEBUG:::registerExtensions:::Successfully loaded extension "markdown.extensions.fenced_code.FencedCodeExtension".
2020-12-07 22:57:17,458:::DEBUG:::registerExtensions:::Successfully loaded extension "markdown.extensions.footnotes.FootnoteExtension".
2020-12-07 22:57:17,459:::DEBUG:::registerExtensions:::Successfully loaded extension "markdown.extensions.md_in_html.MarkdownInHtmlExtension".
2020-12-07 22:57:17,460:::DEBUG:::registerExtensions:::Successfully loaded extension "markdown.extensions.tables.TableExtension".
2020-12-07 22:57:17,460:::DEBUG:::registerExtensions:::Successfully loaded extension "markdown.extensions.nl2br.Nl2BrExtension".
2020-12-07 22:57:17,461:::DEBUG:::registerExtensions:::Successfully loaded extension "markdown.extensions.sane_lists.SaneListExtension".
